<?xml version="1.0" encoding="UTF-8"?>
<testsuite xmlns:xsi="http://www.w3.org/2001/XMLSchema-instance" xsi:noNamespaceSchemaLocation="https://maven.apache.org/surefire/maven-surefire-plugin/xsd/surefire-test-report-3.0.xsd" version="3.0" name="com.example.InjectorTest" time="0.094" tests="7" errors="0" skipped="0" failures="0">
  <properties>
[...]
</properties>
  <testcase name="testInject_NullInstance" classname="com.example.InjectorTest" time="0.031"/>
  <testcase name="testInject_ThrowsWhenClassNotFound" classname="com.example.InjectorTest" time="0.007"/>
  <testcase name="testInject_ThrowsWhenImplementationNonConfigered" classname="com.example.InjectorTest" time="0.002"/>
  <testcase name="testInject_Success_AC" classname="com.example.InjectorTest" time="0.007">
    <system-out><![CDATA[A
C
]]></system-out>
  </testcase>
  <testcase name="testInject_Success_BC" classname="com.example.InjectorTest" time="0.003">
    <system-out><![CDATA[B
C
]]></system-out>
  </testcase>
  <testcase name="testInject_ThrowsWhenImplementationIncompatible" classname="com.example.InjectorTest" time="0.005"/>
  <testcase name="testInject_IgnoresNonAnnotatedFields" classname="com.example.InjectorTest" time="0.003"/>
</testsuite>